c:\users\1019l\source\repos\temp cuda\x64\debug\temp cuda.exe
c:\users\1019l\source\repos\temp cuda\x64\debug\temp cuda.ilk
c:\users\1019l\source\repos\temp cuda\x64\debug\temp cuda.pdb
c:\users\1019l\source\repos\temp cuda\x64\debug\temp cuda.lib
c:\users\1019l\source\repos\temp cuda\x64\debug\temp cuda.exp
c:\users\1019l\source\repos\temp cuda\temp cuda\x64\debug\adagrad.cu.cache
c:\users\1019l\source\repos\temp cuda\temp cuda\x64\debug\adagrad.cuh.cache
c:\users\1019l\source\repos\temp cuda\temp cuda\x64\debug\adam.cu.cache
c:\users\1019l\source\repos\temp cuda\temp cuda\x64\debug\adam.cuh.cache
c:\users\1019l\source\repos\temp cuda\temp cuda\x64\debug\add.cu.cache
c:\users\1019l\source\repos\temp cuda\temp cuda\x64\debug\add.cuh.cache
c:\users\1019l\source\repos\temp cuda\temp cuda\x64\debug\clip.cu.cache
c:\users\1019l\source\repos\temp cuda\temp cuda\x64\debug\clip.cuh.cache
c:\users\1019l\source\repos\temp cuda\temp cuda\x64\debug\cublas_funcs.cuh.cache
c:\users\1019l\source\repos\temp cuda\temp cuda\x64\debug\cuda_funcs.cuh.cache
c:\users\1019l\source\repos\temp cuda\temp cuda\x64\debug\divide.cu.cache
c:\users\1019l\source\repos\temp cuda\temp cuda\x64\debug\divide.cuh.cache
c:\users\1019l\source\repos\temp cuda\temp cuda\x64\debug\exp.cu.cache
c:\users\1019l\source\repos\temp cuda\temp cuda\x64\debug\kernel.cu.cache
c:\users\1019l\source\repos\temp cuda\temp cuda\x64\debug\leakyrelu.cu.cache
c:\users\1019l\source\repos\temp cuda\temp cuda\x64\debug\leakyrelu.cuh.cache
c:\users\1019l\source\repos\temp cuda\temp cuda\x64\debug\lstm.cpp.cache
c:\users\1019l\source\repos\temp cuda\temp cuda\x64\debug\lstm.hpp.cache
c:\users\1019l\source\repos\temp cuda\temp cuda\x64\debug\multiply.cu.cache
c:\users\1019l\source\repos\temp cuda\temp cuda\x64\debug\reciprocal.cu.cache
c:\users\1019l\source\repos\temp cuda\temp cuda\x64\debug\relu.cu.cache
c:\users\1019l\source\repos\temp cuda\temp cuda\x64\debug\relu.cuh.cache
c:\users\1019l\source\repos\temp cuda\temp cuda\x64\debug\rmsprop.cu.cache
c:\users\1019l\source\repos\temp cuda\temp cuda\x64\debug\rmsprop.cuh.cache
c:\users\1019l\source\repos\temp cuda\temp cuda\x64\debug\sample.cu.cache
c:\users\1019l\source\repos\temp cuda\temp cuda\x64\debug\sample.cuh.cache
c:\users\1019l\source\repos\temp cuda\temp cuda\x64\debug\sigmoid.cu.cache
c:\users\1019l\source\repos\temp cuda\temp cuda\x64\debug\sigmoid.cuh.cache
c:\users\1019l\source\repos\temp cuda\temp cuda\x64\debug\subtract.cu.cache
c:\users\1019l\source\repos\temp cuda\temp cuda\x64\debug\subtract.cuh.cache
c:\users\1019l\source\repos\temp cuda\temp cuda\x64\debug\tanh.cu.cache
c:\users\1019l\source\repos\temp cuda\temp cuda\x64\debug\tanh.cuh.cache
c:\users\1019l\source\repos\temp cuda\temp cuda\x64\debug\zero.cu.cache
c:\users\1019l\source\repos\temp cuda\temp cuda\x64\debug\adagrad.cu.obj
c:\users\1019l\source\repos\temp cuda\temp cuda\x64\debug\adagrad.cuh.obj
c:\users\1019l\source\repos\temp cuda\temp cuda\x64\debug\adam.cu.obj
c:\users\1019l\source\repos\temp cuda\temp cuda\x64\debug\adam.cuh.obj
c:\users\1019l\source\repos\temp cuda\temp cuda\x64\debug\add.cu.obj
c:\users\1019l\source\repos\temp cuda\temp cuda\x64\debug\add.cuh.obj
c:\users\1019l\source\repos\temp cuda\temp cuda\x64\debug\clip.cu.obj
c:\users\1019l\source\repos\temp cuda\temp cuda\x64\debug\clip.cuh.obj
c:\users\1019l\source\repos\temp cuda\temp cuda\x64\debug\cublas_funcs.cuh.obj
c:\users\1019l\source\repos\temp cuda\temp cuda\x64\debug\cuda_funcs.cuh.obj
c:\users\1019l\source\repos\temp cuda\temp cuda\x64\debug\divide.cu.obj
c:\users\1019l\source\repos\temp cuda\temp cuda\x64\debug\divide.cuh.obj
c:\users\1019l\source\repos\temp cuda\temp cuda\x64\debug\exp.cu.obj
c:\users\1019l\source\repos\temp cuda\temp cuda\x64\debug\kernel.cu.obj
c:\users\1019l\source\repos\temp cuda\temp cuda\x64\debug\leakyrelu.cu.obj
c:\users\1019l\source\repos\temp cuda\temp cuda\x64\debug\leakyrelu.cuh.obj
c:\users\1019l\source\repos\temp cuda\temp cuda\x64\debug\lstm.cpp.obj
c:\users\1019l\source\repos\temp cuda\temp cuda\x64\debug\lstm.hpp.obj
c:\users\1019l\source\repos\temp cuda\temp cuda\x64\debug\multiply.cu.obj
c:\users\1019l\source\repos\temp cuda\temp cuda\x64\debug\reciprocal.cu.obj
c:\users\1019l\source\repos\temp cuda\temp cuda\x64\debug\relu.cu.obj
c:\users\1019l\source\repos\temp cuda\temp cuda\x64\debug\relu.cuh.obj
c:\users\1019l\source\repos\temp cuda\temp cuda\x64\debug\rmsprop.cu.obj
c:\users\1019l\source\repos\temp cuda\temp cuda\x64\debug\rmsprop.cuh.obj
c:\users\1019l\source\repos\temp cuda\temp cuda\x64\debug\sample.cu.obj
c:\users\1019l\source\repos\temp cuda\temp cuda\x64\debug\sample.cuh.obj
c:\users\1019l\source\repos\temp cuda\temp cuda\x64\debug\sigmoid.cu.obj
c:\users\1019l\source\repos\temp cuda\temp cuda\x64\debug\sigmoid.cuh.obj
c:\users\1019l\source\repos\temp cuda\temp cuda\x64\debug\subtract.cu.obj
c:\users\1019l\source\repos\temp cuda\temp cuda\x64\debug\subtract.cuh.obj
c:\users\1019l\source\repos\temp cuda\temp cuda\x64\debug\tanh.cu.obj
c:\users\1019l\source\repos\temp cuda\temp cuda\x64\debug\tanh.cuh.obj
c:\users\1019l\source\repos\temp cuda\temp cuda\x64\debug\zero.cu.obj
c:\users\1019l\source\repos\temp cuda\temp cuda\x64\debug\temp cuda.tlog\link.command.1.tlog
c:\users\1019l\source\repos\temp cuda\temp cuda\x64\debug\temp cuda.tlog\link.read.1.tlog
c:\users\1019l\source\repos\temp cuda\temp cuda\x64\debug\temp cuda.tlog\link.write.1.tlog
c:\users\1019l\source\repos\temp cuda\temp cuda\x64\debug\temp cuda.tlog\temp cuda.write.1u.tlog
